<?xml version="1.0" encoding="UTF-8"?>
<!-- Generated by org.testng.reporters.JUnitReportReporter -->
<testsuite hostname="Raghu" name="com.Ecommerce.AdminTestscripts.TC001VerifythatNewCutomerRoleisadded" tests="1" failures="0" timestamp="12 Oct 2017 03:43:46 GMT" time="19.374" errors="0">
  <testcase name="VerifythatNewCutomerRoleisadded" time="19.374" classname="com.Ecommerce.AdminTestscripts.TC001VerifythatNewCutomerRoleisadded"/>
</testsuite> <!-- com.Ecommerce.AdminTestscripts.TC001VerifythatNewCutomerRoleisadded -->
