<?xml version="1.0" encoding="UTF-8"?>
<!-- Generated by org.testng.reporters.JUnitReportReporter -->
<testsuite hostname="Raghu" name="com.Ecommerce.AdminTestscripts.TC002VerifythatNewCategoryisAdded" tests="1" failures="0" timestamp="1 Nov 2017 13:21:25 GMT" time="18.372" errors="0">
  <testcase name="VerifythatNewCategoryisAdded" time="18.372" classname="com.Ecommerce.AdminTestscripts.TC002VerifythatNewCategoryisAdded"/>
</testsuite> <!-- com.Ecommerce.AdminTestscripts.TC002VerifythatNewCategoryisAdded -->
